<?xml version='1.0' encoding='utf-8'?><rss version='2.0' xmlns:geo='http://www.w3.org/2003/01/geo/wgs84_pos#' xmlns:dc='http://purl.org/dc/elements/1.1/'><channel><title>TwapperKeeper Archive - hashtag - geoinst</title><link>http://twapperkeeper.com/rss.php?type=hashtag&amp;name=geoinst</link><description>Tweets from Scholars Lab - NEH Institute for Enabling Geospatial Scholarship</description><language>en-us</language><docs>http://twapperkeeper.com</docs><generator>PHP</generator><item><title>KellyGJohnston: Brand new Geo journal... RT @josephkerski: International Journal of Applied Geospatial Research: http://bit.ly/ds5k4a #geoinst - Thu Aug 19 20:11:42 +0000 2010 - tweet id 21604536948</title><description>KellyGJohnston: Brand new Geo journal... RT @josephkerski: International Journal of Applied Geospatial Research: http://bit.ly/ds5k4a #geoinst - Thu Aug 19 20:11:42 +0000 2010 - tweet id 21604536948</description><pubDate>Thu, 19 Aug 2010 20:11:42 +0000</pubDate><guid isPermaLink='false'>tag:twapper:feed:hashtag:geoinst:21604536948</guid></item><item><title>finnarne: @nowviskie Well, of course! Consider #geoinst strongly endorsed by people far, far away, @NEH_ODH! We'll make it transnational! - Wed Aug 18 15:05:25 +0000 2010 - tweet id 21497083475</title><description>finnarne: @nowviskie Well, of course! Consider #geoinst strongly endorsed by people far, far away, @NEH_ODH! We'll make it transnational! - Wed Aug 18 15:05:25 +0000 2010 - tweet id 21497083475</description><pubDate>Wed, 18 Aug 2010 15:05:25 +0000</pubDate><guid isPermaLink='false'>tag:twapper:feed:hashtag:geoinst:21497083475</guid></item><item><title>nowviskie: @finnarne Fingers crossed. We don't re-apply to host #geoinst until February. Put in good word for us with @NEH_ODH! :) - Wed Aug 18 14:40:17 +0000 2010 - tweet id 21495250280</title><description>nowviskie: @finnarne Fingers crossed. We don't re-apply to host #geoinst until February. Put in good word for us with @NEH_ODH! :) - Wed Aug 18 14:40:17 +0000 2010 - tweet id 21495250280</description><pubDate>Wed, 18 Aug 2010 14:40:17 +0000</pubDate><guid isPermaLink='false'>tag:twapper:feed:hashtag:geoinst:21495250280</guid></item><item><title>nowviskie: @finnarne DHSI may offer a GIS course again (don't know). If re-funded, the Scholars' Lab will offer #geoinst again in late 2011/early 2012. - Wed Aug 18 13:13:59 +0000 2010 - tweet id 21489119771</title><description>nowviskie: @finnarne DHSI may offer a GIS course again (don't know). If re-funded, the Scholars' Lab will offer #geoinst again in late 2011/early 2012. - Wed Aug 18 13:13:59 +0000 2010 - tweet id 21489119771</description><pubDate>Wed, 18 Aug 2010 13:13:59 +0000</pubDate><guid isPermaLink='false'>tag:twapper:feed:hashtag:geoinst:21489119771</guid></item><item><title>KellyGJohnston: I've bookmarked this GIS Tips and Tutorials page from GIS @ Tufts University:  http://bit.ly/bxHOtY #fb #geoinst - Mon, 16 Aug 2010 20:08:31 +0000 - tweet id 21341417434</title><description>KellyGJohnston: I've bookmarked this GIS Tips and Tutorials page from GIS @ Tufts University:  http://bit.ly/bxHOtY #fb #geoinst - Mon, 16 Aug 2010 20:08:31 +0000 - tweet id 21341417434</description><pubDate>Mon, 16 Aug 2010 20:08:31 +0000</pubDate><guid isPermaLink='false'>tag:twapper:feed:hashtag:geoinst:21341417434</guid></item><item><title>nowviskie: Thx to @briancroxall for #geoinst shout-out in @ProfHacker today: http://bit.ly/cjuUeO We keep hearing things like &amp;quot;spa for the brain!&amp;quot; :) - Mon, 16 Aug 2010 13:13:21 +0000 - tweet id 21313721674</title><description>nowviskie: Thx to @briancroxall for #geoinst shout-out in @ProfHacker today: http://bit.ly/cjuUeO We keep hearing things like &amp;quot;spa for the brain!&amp;quot; :) - Mon, 16 Aug 2010 13:13:21 +0000 - tweet id 21313721674</description><pubDate>Mon, 16 Aug 2010 13:13:21 +0000</pubDate><guid isPermaLink='false'>tag:twapper:feed:hashtag:geoinst:21313721674</guid></item><item><title>amwhisnant: CFP for 2011 NC GIS Conf: abstracts due Aug 18:  http://bit.ly/aUPXl1 #geoinst - Fri, 13 Aug 2010 14:31:28 +0000 - tweet id 21068397568</title><description>amwhisnant: CFP for 2011 NC GIS Conf: abstracts due Aug 18:  http://bit.ly/aUPXl1 #geoinst - Fri, 13 Aug 2010 14:31:28 +0000 - tweet id 21068397568</description><pubDate>Fri, 13 Aug 2010 14:31:28 +0000</pubDate><guid isPermaLink='false'>tag:twapper:feed:hashtag:geoinst:21068397568</guid></item><item><title>historying: .@coffee001's graphs of our #geoinst Twitter feed: RTs and @ messages. http://flic.kr/p/8rpPdA http://flic.kr/p/8rpPbW (via @nowviskie) - Thu Aug 12 15:35:46 +0000 2010 - tweet id 20984365609</title><description>historying: .@coffee001's graphs of our #geoinst Twitter feed: RTs and @ messages. http://flic.kr/p/8rpPdA http://flic.kr/p/8rpPbW (via @nowviskie) - Thu Aug 12 15:35:46 +0000 2010 - tweet id 20984365609</description><pubDate>Thu, 12 Aug 2010 15:35:46 +0000</pubDate><guid isPermaLink='false'>tag:twapper:feed:hashtag:geoinst:20984365609</guid></item><item><title>KellyGJohnston: New exhibit Beyond the Modernest Lens curated by Ben Ray (Salem Witch Trials GIS guru) and #geoinst participant.  http://bit.ly/cNOGlm #fb - Thu Aug 12 13:36:16 +0000 2010 - tweet id 20975448981</title><description>KellyGJohnston: New exhibit Beyond the Modernest Lens curated by Ben Ray (Salem Witch Trials GIS guru) and #geoinst participant.  http://bit.ly/cNOGlm #fb - Thu Aug 12 13:36:16 +0000 2010 - tweet id 20975448981</description><pubDate>Thu, 12 Aug 2010 13:36:16 +0000</pubDate><guid isPermaLink='false'>tag:twapper:feed:hashtag:geoinst:20975448981</guid></item><item><title>nowviskie: Checking out @coffee001's graphs of our #geoinst Twitter feed: RTs and @ messages. http://flic.kr/p/8rpPdA http://flic.kr/p/8rpPbW - Thu Aug 12 12:56:08 +0000 2010 - tweet id 20972753792</title><description>nowviskie: Checking out @coffee001's graphs of our #geoinst Twitter feed: RTs and @ messages. http://flic.kr/p/8rpPdA http://flic.kr/p/8rpPbW - Thu Aug 12 12:56:08 +0000 2010 - tweet id 20972753792</description><pubDate>Thu, 12 Aug 2010 12:56:08 +0000</pubDate><guid isPermaLink='false'>tag:twapper:feed:hashtag:geoinst:20972753792</guid></item></channel></rss>